ts=2025-06-08T13:20:01.519Z caller=main.go:601 level=info msg="No time or size retention was set so using the default time retention" duration=15d
ts=2025-06-08T13:20:01.519Z caller=main.go:645 level=info msg="Starting Prometheus Server" mode=server version="(version=2.54.0, branch=HEAD, revision=5354e87a70d3eb26b81b601b286d66ff983990f6)"
ts=2025-06-08T13:20:01.519Z caller=main.go:650 level=info build_context="(go=go1.22.6, platform=linux/arm64, user=root@68a9e2472a68, date=20240809-11:38:48, tags=netgo,builtinassets,stringlabels)"
ts=2025-06-08T13:20:01.519Z caller=main.go:651 level=info host_details="(Linux 6.5.0-1017-aws #17~22.04.2-Ubuntu SMP Mon Mar 25 20:47:22 UTC 2024 aarch64 ip-172-31-18-43 (none))"
ts=2025-06-08T13:20:01.519Z caller=main.go:652 level=info fd_limits="(soft=1048576, hard=1048576)"
ts=2025-06-08T13:20:01.519Z caller=main.go:653 level=info vm_limits="(soft=unlimited, hard=unlimited)"
ts=2025-06-08T13:20:01.522Z caller=web.go:571 level=info component=web msg="Start listening for connections" address=0.0.0.0:9090
ts=2025-06-08T13:20:01.522Z caller=main.go:1160 level=info msg="Starting TSDB ..."
ts=2025-06-08T13:20:01.530Z caller=tls_config.go:313 level=info component=web msg="Listening on" address=[::]:9090
ts=2025-06-08T13:20:01.530Z caller=tls_config.go:316 level=info component=web msg="TLS is disabled." http2=false address=[::]:9090
ts=2025-06-08T13:20:01.530Z caller=head.go:626 level=info component=tsdb msg="Replaying on-disk memory mappable chunks if any"
ts=2025-06-08T13:20:01.530Z caller=head.go:713 level=info component=tsdb msg="On-disk memory mappable chunks replay completed" duration=73.527µs
ts=2025-06-08T13:20:01.530Z caller=head.go:721 level=info component=tsdb msg="Replaying WAL, this may take a while"
ts=2025-06-08T13:20:01.559Z caller=head.go:793 level=info component=tsdb msg="WAL segment loaded" segment=0 maxSegment=4
ts=2025-06-08T13:20:01.561Z caller=head.go:793 level=info component=tsdb msg="WAL segment loaded" segment=1 maxSegment=4
ts=2025-06-08T13:20:01.562Z caller=head.go:793 level=info component=tsdb msg="WAL segment loaded" segment=2 maxSegment=4
ts=2025-06-08T13:20:01.565Z caller=head.go:793 level=info component=tsdb msg="WAL segment loaded" segment=3 maxSegment=4
ts=2025-06-08T13:20:01.566Z caller=head.go:793 level=info component=tsdb msg="WAL segment loaded" segment=4 maxSegment=4
ts=2025-06-08T13:20:01.566Z caller=head.go:830 level=info component=tsdb msg="WAL replay completed" checkpoint_replay_duration=50.315µs wal_replay_duration=35.052893ms wbl_replay_duration=156ns chunk_snapshot_load_duration=0s mmap_chunk_replay_duration=73.527µs total_replay_duration=35.205387ms
ts=2025-06-08T13:20:01.570Z caller=main.go:1181 level=info fs_type=EXT4_SUPER_MAGIC
ts=2025-06-08T13:20:01.571Z caller=main.go:1184 level=info msg="TSDB started"
ts=2025-06-08T13:20:01.571Z caller=main.go:1367 level=info msg="Loading configuration file" filename=prom-pushgateway.yml
ts=2025-06-08T13:20:01.574Z caller=main.go:1404 level=info msg="updated GOGC" old=100 new=75
ts=2025-06-08T13:20:01.574Z caller=main.go:1415 level=info msg="Completed loading of configuration file" filename=prom-pushgateway.yml totalDuration=2.317431ms db_storage=1.895µs remote_storage=1.658µs web_handler=1.009µs query_engine=1.182µs scrape=1.980441ms scrape_sd=45.564µs notify=1.091µs notify_sd=1.067µs rules=1.723µs tracing=8.944µs
ts=2025-06-08T13:20:01.574Z caller=main.go:1145 level=info msg="Server is ready to receive web requests."
ts=2025-06-08T13:20:01.574Z caller=manager.go:164 level=info component="rule manager" msg="Starting rule manager..."
ts=2025-06-08T13:20:05.667Z caller=main.go:995 level=warn msg="Received an OS signal, exiting gracefully..." signal=interrupt
ts=2025-06-08T13:20:05.667Z caller=main.go:1019 level=info msg="Stopping scrape discovery manager..."
ts=2025-06-08T13:20:05.667Z caller=main.go:1033 level=info msg="Stopping notify discovery manager..."
ts=2025-06-08T13:20:05.667Z caller=manager.go:178 level=info component="rule manager" msg="Stopping rule manager..."
ts=2025-06-08T13:20:05.667Z caller=manager.go:188 level=info component="rule manager" msg="Rule manager stopped"
ts=2025-06-08T13:20:05.667Z caller=main.go:1070 level=info msg="Stopping scrape manager..."
ts=2025-06-08T13:20:05.668Z caller=main.go:1015 level=info msg="Scrape discovery manager stopped"
ts=2025-06-08T13:20:05.668Z caller=main.go:1029 level=info msg="Notify discovery manager stopped"
ts=2025-06-08T13:20:05.668Z caller=main.go:1062 level=info msg="Scrape manager stopped"
ts=2025-06-08T13:20:05.671Z caller=notifier.go:693 level=info component=notifier msg="Stopping notification manager..."
ts=2025-06-08T13:20:05.671Z caller=notifier.go:386 level=info component=notifier msg="Draining any remaining notifications..."
ts=2025-06-08T13:20:05.671Z caller=notifier.go:392 level=info component=notifier msg="Remaining notifications drained"
ts=2025-06-08T13:20:05.671Z caller=notifier.go:322 level=info component=notifier msg="Notification manager stopped"
ts=2025-06-08T13:20:05.671Z caller=main.go:1293 level=info msg="Notifier manager stopped"
ts=2025-06-08T13:20:05.671Z caller=main.go:1305 level=info msg="See you next time!"
ts=2025-06-08T13:20:10.490Z caller=main.go:601 level=info msg="No time or size retention was set so using the default time retention" duration=15d
ts=2025-06-08T13:20:10.490Z caller=main.go:645 level=info msg="Starting Prometheus Server" mode=server version="(version=2.54.0, branch=HEAD, revision=5354e87a70d3eb26b81b601b286d66ff983990f6)"
ts=2025-06-08T13:20:10.490Z caller=main.go:650 level=info build_context="(go=go1.22.6, platform=linux/arm64, user=root@68a9e2472a68, date=20240809-11:38:48, tags=netgo,builtinassets,stringlabels)"
ts=2025-06-08T13:20:10.491Z caller=main.go:651 level=info host_details="(Linux 6.5.0-1017-aws #17~22.04.2-Ubuntu SMP Mon Mar 25 20:47:22 UTC 2024 aarch64 ip-172-31-18-43 (none))"
ts=2025-06-08T13:20:10.491Z caller=main.go:652 level=info fd_limits="(soft=1048576, hard=1048576)"
ts=2025-06-08T13:20:10.491Z caller=main.go:653 level=info vm_limits="(soft=unlimited, hard=unlimited)"
ts=2025-06-08T13:20:10.506Z caller=web.go:571 level=info component=web msg="Start listening for connections" address=0.0.0.0:9090
ts=2025-06-08T13:20:10.506Z caller=main.go:1160 level=info msg="Starting TSDB ..."
ts=2025-06-08T13:20:10.507Z caller=tls_config.go:313 level=info component=web msg="Listening on" address=[::]:9090
ts=2025-06-08T13:20:10.507Z caller=tls_config.go:316 level=info component=web msg="TLS is disabled." http2=false address=[::]:9090
ts=2025-06-08T13:20:10.510Z caller=head.go:626 level=info component=tsdb msg="Replaying on-disk memory mappable chunks if any"
ts=2025-06-08T13:20:10.510Z caller=head.go:713 level=info component=tsdb msg="On-disk memory mappable chunks replay completed" duration=58.38µs
ts=2025-06-08T13:20:10.510Z caller=head.go:721 level=info component=tsdb msg="Replaying WAL, this may take a while"
ts=2025-06-08T13:20:10.550Z caller=head.go:793 level=info component=tsdb msg="WAL segment loaded" segment=0 maxSegment=5
ts=2025-06-08T13:20:10.550Z caller=head.go:793 level=info component=tsdb msg="WAL segment loaded" segment=1 maxSegment=5
ts=2025-06-08T13:20:10.551Z caller=head.go:793 level=info component=tsdb msg="WAL segment loaded" segment=2 maxSegment=5
ts=2025-06-08T13:20:10.553Z caller=head.go:793 level=info component=tsdb msg="WAL segment loaded" segment=3 maxSegment=5
ts=2025-06-08T13:20:10.553Z caller=head.go:793 level=info component=tsdb msg="WAL segment loaded" segment=4 maxSegment=5
ts=2025-06-08T13:20:10.553Z caller=head.go:793 level=info component=tsdb msg="WAL segment loaded" segment=5 maxSegment=5
ts=2025-06-08T13:20:10.553Z caller=head.go:830 level=info component=tsdb msg="WAL replay completed" checkpoint_replay_duration=52.284µs wal_replay_duration=43.508885ms wbl_replay_duration=164ns chunk_snapshot_load_duration=0s mmap_chunk_replay_duration=58.38µs total_replay_duration=43.649499ms
ts=2025-06-08T13:20:10.557Z caller=main.go:1181 level=info fs_type=EXT4_SUPER_MAGIC
ts=2025-06-08T13:20:10.557Z caller=main.go:1184 level=info msg="TSDB started"
ts=2025-06-08T13:20:10.557Z caller=main.go:1367 level=info msg="Loading configuration file" filename=prom-pushgateway.yml
ts=2025-06-08T13:20:10.565Z caller=main.go:1404 level=info msg="updated GOGC" old=100 new=75
ts=2025-06-08T13:20:10.565Z caller=main.go:1415 level=info msg="Completed loading of configuration file" filename=prom-pushgateway.yml totalDuration=8.466756ms db_storage=1.37µs remote_storage=1.559µs web_handler=705ns query_engine=894ns scrape=8.114801ms scrape_sd=56.017µs notify=1.075µs notify_sd=1.19µs rules=1.69µs tracing=9.058µs
ts=2025-06-08T13:20:10.565Z caller=main.go:1145 level=info msg="Server is ready to receive web requests."
ts=2025-06-08T13:20:10.565Z caller=manager.go:164 level=info component="rule manager" msg="Starting rule manager..."
